<?xml version="1.0" encoding="UTF-8"?>
<!-- Generated by org.testng.reporters.JUnitReportReporter -->
<testsuite hostname="LAPTOP-RG1KPSJ0" failures="1" tests="7" name="testscripts.GoogleTestNG" time="40.022" errors="0" timestamp="2021-03-08T11:03:44 IST" skipped="6">
  <testcase classname="testscripts.GoogleTestNG" name="searchAppiumTest" time="9.956">
    <failure message="expected [Appium Tutorial - Google Search] but found [Appium Tutoria - Google Search]" type="java.lang.AssertionError">
      <![CDATA[java.lang.AssertionError: expected [Appium Tutorial - Google Search] but found [Appium Tutoria - Google Search]
at org.testng.Assert.fail(Assert.java:99)
at org.testng.Assert.failNotEquals(Assert.java:1037)
at org.testng.Assert.assertEqualsImpl(Assert.java:140)
at org.testng.Assert.assertEquals(Assert.java:122)
at org.testng.Assert.assertEquals(Assert.java:629)
at org.testng.Assert.assertEquals(Assert.java:639)
at testscripts.GoogleTestNG.searchAppiumTest(GoogleTestNG.java:71)
at java.base/jdk.internal.reflect.NativeMethodAccessorImpl.invoke0(Native Method)
at java.base/jdk.internal.reflect.NativeMethodAccessorImpl.invoke(NativeMethodAccessorImpl.java:62)
at java.base/jdk.internal.reflect.DelegatingMethodAccessorImpl.invoke(DelegatingMethodAccessorImpl.java:43)
at java.base/java.lang.reflect.Method.invoke(Method.java:564)
at org.testng.internal.MethodInvocationHelper.invokeMethod(MethodInvocationHelper.java:132)
at org.testng.internal.TestInvoker.invokeMethod(TestInvoker.java:599)
at org.testng.internal.TestInvoker.retryFailed(TestInvoker.java:214)
at org.testng.internal.MethodRunner.runInSequence(MethodRunner.java:58)
at org.testng.internal.TestInvoker$MethodInvocationAgent.invoke(TestInvoker.java:822)
at org.testng.internal.TestInvoker.invokeTestMethods(TestInvoker.java:147)
at org.testng.internal.TestMethodWorker.invokeTestMethods(TestMethodWorker.java:146)
at org.testng.internal.TestMethodWorker.run(TestMethodWorker.java:128)
at java.base/java.util.ArrayList.forEach(ArrayList.java:1510)
at org.testng.TestRunner.privateRun(TestRunner.java:764)
at org.testng.TestRunner.run(TestRunner.java:585)
at org.testng.SuiteRunner.runTest(SuiteRunner.java:384)
at org.testng.SuiteRunner.runSequentially(SuiteRunner.java:378)
at org.testng.SuiteRunner.privateRun(SuiteRunner.java:337)
at org.testng.SuiteRunner.run(SuiteRunner.java:286)
at org.testng.SuiteRunnerWorker.runSuite(SuiteRunnerWorker.java:53)
at org.testng.SuiteRunnerWorker.run(SuiteRunnerWorker.java:96)
at org.testng.TestNG.runSuitesSequentially(TestNG.java:1218)
at org.testng.TestNG.runSuitesLocally(TestNG.java:1140)
at org.testng.TestNG.runSuites(TestNG.java:1069)
at org.testng.TestNG.run(TestNG.java:1037)
at org.testng.remote.AbstractRemoteTestNG.run(AbstractRemoteTestNG.java:115)
at org.testng.remote.RemoteTestNG.initAndRun(RemoteTestNG.java:251)
at org.testng.remote.RemoteTestNG.main(RemoteTestNG.java:77)
]]>
    </failure>
  </testcase> <!-- searchAppiumTest -->
  <system-out/>
  <testcase classname="testscripts.GoogleTestNG" name="searchAppiumTest" time="10.217">
    <skipped/>
  </testcase> <!-- searchAppiumTest -->
  <system-out/>
  <testcase classname="testscripts.GoogleTestNG" name="searchAppiumTest" time="10.004">
    <skipped/>
  </testcase> <!-- searchAppiumTest -->
  <system-out/>
  <testcase classname="testscripts.GoogleTestNG" name="searchAppiumTest" time="9.845">
    <skipped/>
  </testcase> <!-- searchAppiumTest -->
  <system-out/>
  <testcase classname="testscripts.GoogleTestNG" name="searchCucumberTest">
    <skipped/>
  </testcase> <!-- searchCucumberTest -->
  <system-out/>
  <testcase classname="testscripts.GoogleTestNG" name="searchJavaTest">
    <skipped/>
  </testcase> <!-- searchJavaTest -->
  <system-out/>
  <testcase classname="testscripts.GoogleTestNG" name="searchSeleniumTest">
    <skipped/>
  </testcase> <!-- searchSeleniumTest -->
  <system-out/>
</testsuite> <!-- testscripts.GoogleTestNG -->
